android/app/build/intermediates/manifest_merge_blame_file/debug/manifest-merger-blame-debug-report.txt
1<?xml version="1.0" encoding="utf-8"?>
2<manifest xmlns:android="http://schemas.android.com/apk/res/android"
3    package="com.example.riderapp"
4    android:versionCode="1"
5    android:versionName="1.0.0" >
6
7    <uses-sdk
8        android:minSdkVersion="21"
9        android:targetSdkVersion="31" />
10    <!--
11         The INTERNET permission is required for development. Specifically,
12         the Flutter tool needs it to communicate with the running application
13         to allow setting breakpoints, to provide hot reload, etc.
14    -->
15    <uses-permission android:name="android.permission.INTERNET" />
15-->src/main/AndroidManifest.xml:5:5-66
15-->src/main/AndroidManifest.xml:5:22-64
16    <uses-permission android:name="android.permission.USE_BIOMETRIC" />
16-->src/main/AndroidManifest.xml:3:5-71
16-->src/main/AndroidManifest.xml:3:22-69
17    <uses-permission android:name="android.permission.RECORD_AUDIO" />
17-->src/main/AndroidManifest.xml:4:4-69
17-->src/main/AndroidManifest.xml:4:21-67
18    <uses-permission android:name="android.permission.BLUETOOTH" />
18-->src/main/AndroidManifest.xml:6:5-67
18-->src/main/AndroidManifest.xml:6:22-65
19    <uses-permission android:name="android.permission.BLUETOOTH_ADMIN" />
19-->src/main/AndroidManifest.xml:7:5-73
19-->src/main/AndroidManifest.xml:7:22-71
20    <uses-permission android:name="android.permission.BLUETOOTH_CONNECT" />
20-->src/main/AndroidManifest.xml:8:5-75
20-->src/main/AndroidManifest.xml:8:22-73
21    <uses-permission android:name="android.permission.ACCESS_FINE_LOCATION" />
21-->src/main/AndroidManifest.xml:9:4-78
21-->src/main/AndroidManifest.xml:9:21-75
22    <uses-permission android:name="android.permission.ACCESS_COARSE_LOCATION" />
22-->src/main/AndroidManifest.xml:10:4-80
22-->src/main/AndroidManifest.xml:10:21-77
23    <uses-permission android:name="android.permission.ACCESS_NETWORK_STATE" />
23-->src/main/AndroidManifest.xml:11:4-78
23-->src/main/AndroidManifest.xml:11:21-75
24    <uses-permission android:name="android.permission.SEND_SMS" />
24-->src/main/AndroidManifest.xml:12:4-66
24-->src/main/AndroidManifest.xml:12:21-63
25    <uses-permission android:name="android.permission.QUERY_ALL_PACKAGES" />
25-->src/main/AndroidManifest.xml:13:4-76
25-->src/main/AndroidManifest.xml:13:21-73
26    <uses-permission android:name="android.permission.READ_CONTACTS" />
26-->src/main/AndroidManifest.xml:14:4-71
26-->src/main/AndroidManifest.xml:14:21-68
27    <uses-permission android:name="android.permission.WRITE_CONTACTS" />
27-->src/main/AndroidManifest.xml:15:4-72
27-->src/main/AndroidManifest.xml:15:21-69
28    <uses-permission android:name="android.permission.READ_EXTERNAL_STORAGE" />
28-->src/main/AndroidManifest.xml:16:4-78
28-->src/main/AndroidManifest.xml:16:21-76
29    <uses-permission android:name="android.permission.WRITE_EXTERNAL_STORAGE" />
29-->src/main/AndroidManifest.xml:17:4-79
29-->src/main/AndroidManifest.xml:17:21-77
30    <uses-permission android:name="android.permission.FOREGROUND_SERVICE" />
30-->[:geolocator_android] AndroidManifest.xml:9:5-77
30-->[:geolocator_android] AndroidManifest.xml:9:22-74
31
32    <queries>
32-->[:contacts_service] AndroidManifest.xml:9:5-22:15
33        <intent>
33-->[:contacts_service] AndroidManifest.xml:10:9-12:18
34            <action android:name="android.accounts.AccountAuthenticator" />
34-->[:contacts_service] AndroidManifest.xml:11:13-76
34-->[:contacts_service] AndroidManifest.xml:11:21-73
35        </intent>
36        <!-- Allows the app to load an icon corresponding to the custom MIME type. -->
37        <intent>
37-->[:contacts_service] AndroidManifest.xml:14:9-21:18
38            <action android:name="android.intent.action.VIEW" />
38-->[:contacts_service] AndroidManifest.xml:15:13-65
38-->[:contacts_service] AndroidManifest.xml:15:21-62
39
40            <data
40-->[:contacts_service] AndroidManifest.xml:17:13-20:44
41                android:host="com.android.contacts"
41-->[:contacts_service] AndroidManifest.xml:18:17-52
42                android:mimeType="vnd.android.cursor.item/*"
42-->[:contacts_service] AndroidManifest.xml:19:17-61
43                android:scheme="content" />
43-->[:contacts_service] AndroidManifest.xml:20:17-41
44        </intent>
45    </queries>
46
47    <uses-permission android:name="android.permission.CALL_PHONE" />
47-->[:flutter_phone_direct_caller] AndroidManifest.xml:9:5-69
47-->[:flutter_phone_direct_caller] AndroidManifest.xml:9:22-66
48
49    <uses-feature
49-->[:flutter_phone_direct_caller] AndroidManifest.xml:11:5-13:36
50        android:name="android.hardware.telephony"
50-->[:flutter_phone_direct_caller] AndroidManifest.xml:12:9-50
51        android:required="false" /> <!-- suppress DeprecatedClassUsageInspection -->
51-->[:flutter_phone_direct_caller] AndroidManifest.xml:13:9-33
52    <uses-permission android:name="android.permission.USE_FINGERPRINT" />
52-->[androidx.biometric:biometric:1.1.0] AndroidManifest.xml:27:5-74
52-->[androidx.biometric:biometric:1.1.0] AndroidManifest.xml:27:22-71
53
54    <permission
54-->[androidx.core:core:1.9.0] AndroidManifest.xml:22:5-24:47
55        android:name="com.example.riderapp.DYNAMIC_RECEIVER_NOT_EXPORTED_PERMISSION"
55-->[androidx.core:core:1.9.0] AndroidManifest.xml:23:9-81
56        android:protectionLevel="signature" />
56-->[androidx.core:core:1.9.0] AndroidManifest.xml:24:9-44
57
58    <uses-permission android:name="com.example.riderapp.DYNAMIC_RECEIVER_NOT_EXPORTED_PERMISSION" />
58-->[androidx.core:core:1.9.0] AndroidManifest.xml:26:5-97
58-->[androidx.core:core:1.9.0] AndroidManifest.xml:26:22-94
59
60    <application
61        android:name="android.app.Application"
62        android:appComponentFactory="androidx.core.app.CoreComponentFactory"
62-->[androidx.core:core:1.9.0] AndroidManifest.xml:28:18-86
63        android:debuggable="true"
64        android:icon="@mipmap/ic_launcher"
65        android:label="riderapp"
66        android:usesCleartextTraffic="true" >
67        <activity
68            android:name="com.example.riderapp.MainActivity"
69            android:configChanges="orientation|keyboardHidden|keyboard|screenSize|smallestScreenSize|locale|layoutDirection|fontScale|screenLayout|density|uiMode"
70            android:exported="true"
71            android:hardwareAccelerated="true"
72            android:launchMode="singleTop"
73            android:theme="@style/LaunchTheme"
74            android:windowSoftInputMode="adjustResize" >
75
76            <!--
77                 Specifies an Android theme to apply to this Activity as soon as
78                 the Android process has started. This theme is visible to the user
79                 while the Flutter UI initializes. After that, this theme continues
80                 to determine the Window background behind the Flutter UI.
81            -->
82            <meta-data
83                android:name="io.flutter.embedding.android.NormalTheme"
84                android:resource="@style/NormalTheme" />
85
86            <intent-filter>
87                <action android:name="android.intent.action.MAIN" />
88
89                <category android:name="android.intent.category.LAUNCHER" />
90            </intent-filter>
91        </activity>
92        <!--
93             Don't delete the meta-data below.
94             This is used by the Flutter tool to generate GeneratedPluginRegistrant.java
95        -->
96        <meta-data
97            android:name="flutterEmbedding"
98            android:value="2" />
99        <meta-data
100            android:name="com.google.android.geo.API_KEY"
101            android:value="AIzaSyAjRnHukSo7Y9NvuFFofUwVCMV90742GD4" />
102
103        <service
103-->[:firebase_database] AndroidManifest.xml:10:9-14:19
104            android:name="com.google.firebase.components.ComponentDiscoveryService"
104-->[:firebase_database] AndroidManifest.xml:10:18-89
105            android:directBootAware="true"
105-->[com.google.firebase:firebase-common:20.3.0] AndroidManifest.xml:34:13-43
106            android:exported="false" >
106-->[com.google.firebase:firebase-auth:21.1.0] AndroidManifest.xml:66:13-37
107            <meta-data
107-->[:firebase_database] AndroidManifest.xml:11:13-13:85
108                android:name="com.google.firebase.components:io.flutter.plugins.firebase.database.FlutterFirebaseAppRegistrar"
108-->[:firebase_database] AndroidManifest.xml:12:17-127
109                android:value="com.google.firebase.components.ComponentRegistrar" />
109-->[:firebase_database] AndroidManifest.xml:13:17-82
110            <meta-data
110-->[:cloud_firestore] AndroidManifest.xml:11:13-13:85
111                android:name="com.google.firebase.components:io.flutter.plugins.firebase.firestore.FlutterFirebaseFirestoreRegistrar"
111-->[:cloud_firestore] AndroidManifest.xml:12:17-134
112                android:value="com.google.firebase.components.ComponentRegistrar" />
112-->[:cloud_firestore] AndroidManifest.xml:13:17-82
113            <meta-data
113-->[:firebase_auth] AndroidManifest.xml:11:13-13:85
114                android:name="com.google.firebase.components:io.flutter.plugins.firebase.auth.FlutterFirebaseAuthRegistrar"
114-->[:firebase_auth] AndroidManifest.xml:12:17-124
115                android:value="com.google.firebase.components.ComponentRegistrar" />
115-->[:firebase_auth] AndroidManifest.xml:13:17-82
116            <meta-data
116-->[:firebase_storage] AndroidManifest.xml:11:13-13:85
117                android:name="com.google.firebase.components:io.flutter.plugins.firebase.storage.FlutterFirebaseAppRegistrar"
117-->[:firebase_storage] AndroidManifest.xml:12:17-126
118                android:value="com.google.firebase.components.ComponentRegistrar" />
118-->[:firebase_storage] AndroidManifest.xml:13:17-82
119            <meta-data
119-->[:firebase_core] AndroidManifest.xml:11:13-13:85
120                android:name="com.google.firebase.components:io.flutter.plugins.firebase.core.FlutterFirebaseCoreRegistrar"
120-->[:firebase_core] AndroidManifest.xml:12:17-124
121                android:value="com.google.firebase.components.ComponentRegistrar" />
121-->[:firebase_core] AndroidManifest.xml:13:17-82
122            <meta-data
122-->[com.google.firebase:firebase-auth:21.1.0] AndroidManifest.xml:67:13-69:85
123                android:name="com.google.firebase.components:com.google.firebase.auth.FirebaseAuthRegistrar"
123-->[com.google.firebase:firebase-auth:21.1.0] AndroidManifest.xml:68:17-109
124                android:value="com.google.firebase.components.ComponentRegistrar" />
124-->[com.google.firebase:firebase-auth:21.1.0] AndroidManifest.xml:69:17-82
125            <meta-data
125-->[com.google.firebase:firebase-firestore:24.4.3] AndroidManifest.xml:19:13-21:85
126                android:name="com.google.firebase.components:com.google.firebase.firestore.FirestoreRegistrar"
126-->[com.google.firebase:firebase-firestore:24.4.3] AndroidManifest.xml:20:17-111
127                android:value="com.google.firebase.components.ComponentRegistrar" />
127-->[com.google.firebase:firebase-firestore:24.4.3] AndroidManifest.xml:21:17-82
128            <meta-data
128-->[com.google.firebase:firebase-storage:20.1.0] AndroidManifest.xml:32:13-34:85
129                android:name="com.google.firebase.components:com.google.firebase.storage.StorageRegistrar"
129-->[com.google.firebase:firebase-storage:20.1.0] AndroidManifest.xml:33:17-107
130                android:value="com.google.firebase.components.ComponentRegistrar" />
130-->[com.google.firebase:firebase-storage:20.1.0] AndroidManifest.xml:34:17-82
131            <meta-data
131-->[com.google.firebase:firebase-database:20.1.0] AndroidManifest.xml:31:13-33:85
132                android:name="com.google.firebase.components:com.google.firebase.database.DatabaseRegistrar"
132-->[com.google.firebase:firebase-database:20.1.0] AndroidManifest.xml:32:17-109
133                android:value="com.google.firebase.components.ComponentRegistrar" />
133-->[com.google.firebase:firebase-database:20.1.0] AndroidManifest.xml:33:17-82
134        </service>
135        <service
135-->[:geolocator_android] AndroidManifest.xml:12:9-16:56
136            android:name="com.baseflow.geolocator.GeolocatorLocationService"
136-->[:geolocator_android] AndroidManifest.xml:13:13-77
137            android:enabled="true"
137-->[:geolocator_android] AndroidManifest.xml:14:13-35
138            android:exported="false"
138-->[:geolocator_android] AndroidManifest.xml:15:13-37
139            android:foregroundServiceType="location" />
139-->[:geolocator_android] AndroidManifest.xml:16:13-53
140
141        <provider
141-->[:image_picker_android] AndroidManifest.xml:10:9-18:20
142            android:name="io.flutter.plugins.imagepicker.ImagePickerFileProvider"
142-->[:image_picker_android] AndroidManifest.xml:11:13-82
143            android:authorities="com.example.riderapp.flutter.image_provider"
143-->[:image_picker_android] AndroidManifest.xml:12:13-74
144            android:exported="false"
144-->[:image_picker_android] AndroidManifest.xml:13:13-37
145            android:grantUriPermissions="true" >
145-->[:image_picker_android] AndroidManifest.xml:14:13-47
146            <meta-data
146-->[:image_picker_android] AndroidManifest.xml:15:13-17:75
147                android:name="android.support.FILE_PROVIDER_PATHS"
147-->[:image_picker_android] AndroidManifest.xml:16:17-67
148                android:resource="@xml/flutter_image_picker_file_paths" />
148-->[:image_picker_android] AndroidManifest.xml:17:17-72
149        </provider>
150
151        <activity
151-->[:url_launcher_android] AndroidManifest.xml:10:9-13:74
152            android:name="io.flutter.plugins.urllauncher.WebViewActivity"
152-->[:url_launcher_android] AndroidManifest.xml:11:13-74
153            android:exported="false"
153-->[:url_launcher_android] AndroidManifest.xml:12:13-37
154            android:theme="@android:style/Theme.NoTitleBar.Fullscreen" />
154-->[:url_launcher_android] AndroidManifest.xml:13:13-71
155
156        <service
156-->[:location] AndroidManifest.xml:13:9-17:56
157            android:name="com.lyokone.location.FlutterLocationService"
157-->[:location] AndroidManifest.xml:14:13-71
158            android:enabled="true"
158-->[:location] AndroidManifest.xml:15:13-35
159            android:exported="false"
159-->[:location] AndroidManifest.xml:16:13-37
160            android:foregroundServiceType="location" />
160-->[:location] AndroidManifest.xml:17:13-53
161
162        <activity
162-->[com.google.android.gms:play-services-auth:20.4.1] AndroidManifest.xml:23:9-27:75
163            android:name="com.google.android.gms.auth.api.signin.internal.SignInHubActivity"
163-->[com.google.android.gms:play-services-auth:20.4.1] AndroidManifest.xml:24:13-93
164            android:excludeFromRecents="true"
164-->[com.google.android.gms:play-services-auth:20.4.1] AndroidManifest.xml:25:13-46
165            android:exported="false"
165-->[com.google.android.gms:play-services-auth:20.4.1] AndroidManifest.xml:26:13-37
166            android:theme="@android:style/Theme.Translucent.NoTitleBar" />
166-->[com.google.android.gms:play-services-auth:20.4.1] AndroidManifest.xml:27:13-72
167        <!--
168            Service handling Google Sign-In user revocation. For apps that do not integrate with
169            Google Sign-In, this service will never be started.
170        -->
171        <service
171-->[com.google.android.gms:play-services-auth:20.4.1] AndroidManifest.xml:33:9-37:51
172            android:name="com.google.android.gms.auth.api.signin.RevocationBoundService"
172-->[com.google.android.gms:play-services-auth:20.4.1] AndroidManifest.xml:34:13-89
173            android:exported="true"
173-->[com.google.android.gms:play-services-auth:20.4.1] AndroidManifest.xml:35:13-36
174            android:permission="com.google.android.gms.auth.api.signin.permission.REVOCATION_NOTIFICATION"
174-->[com.google.android.gms:play-services-auth:20.4.1] AndroidManifest.xml:36:13-107
175            android:visibleToInstantApps="true" />
175-->[com.google.android.gms:play-services-auth:20.4.1] AndroidManifest.xml:37:13-48
176
177        <activity
177-->[com.google.firebase:firebase-auth:21.1.0] AndroidManifest.xml:27:9-44:20
178            android:name="com.google.firebase.auth.internal.GenericIdpActivity"
178-->[com.google.firebase:firebase-auth:21.1.0] AndroidManifest.xml:28:13-80
179            android:excludeFromRecents="true"
179-->[com.google.firebase:firebase-auth:21.1.0] AndroidManifest.xml:29:13-46
180            android:exported="true"
180-->[com.google.firebase:firebase-auth:21.1.0] AndroidManifest.xml:30:13-36
181            android:launchMode="singleTask"
181-->[com.google.firebase:firebase-auth:21.1.0] AndroidManifest.xml:31:13-44
182            android:theme="@android:style/Theme.Translucent.NoTitleBar" >
182-->[com.google.firebase:firebase-auth:21.1.0] AndroidManifest.xml:32:13-72
183            <intent-filter>
183-->[com.google.firebase:firebase-auth:21.1.0] AndroidManifest.xml:33:13-43:29
184                <action android:name="android.intent.action.VIEW" />
184-->[:contacts_service] AndroidManifest.xml:15:13-65
184-->[:contacts_service] AndroidManifest.xml:15:21-62
185
186                <category android:name="android.intent.category.DEFAULT" />
186-->[com.google.firebase:firebase-auth:21.1.0] AndroidManifest.xml:36:17-76
186-->[com.google.firebase:firebase-auth:21.1.0] AndroidManifest.xml:36:27-73
187                <category android:name="android.intent.category.BROWSABLE" />
187-->[com.google.firebase:firebase-auth:21.1.0] AndroidManifest.xml:37:17-78
187-->[com.google.firebase:firebase-auth:21.1.0] AndroidManifest.xml:37:27-75
188
189                <data
189-->[:contacts_service] AndroidManifest.xml:17:13-20:44
190                    android:host="firebase.auth"
190-->[:contacts_service] AndroidManifest.xml:18:17-52
191                    android:path="/"
192                    android:scheme="genericidp" />
192-->[:contacts_service] AndroidManifest.xml:20:17-41
193            </intent-filter>
194        </activity>
195        <activity
195-->[com.google.firebase:firebase-auth:21.1.0] AndroidManifest.xml:45:9-62:20
196            android:name="com.google.firebase.auth.internal.RecaptchaActivity"
196-->[com.google.firebase:firebase-auth:21.1.0] AndroidManifest.xml:46:13-79
197            android:excludeFromRecents="true"
197-->[com.google.firebase:firebase-auth:21.1.0] AndroidManifest.xml:47:13-46
198            android:exported="true"
198-->[com.google.firebase:firebase-auth:21.1.0] AndroidManifest.xml:48:13-36
199            android:launchMode="singleTask"
199-->[com.google.firebase:firebase-auth:21.1.0] AndroidManifest.xml:49:13-44
200            android:theme="@android:style/Theme.Translucent.NoTitleBar" >
200-->[com.google.firebase:firebase-auth:21.1.0] AndroidManifest.xml:50:13-72
201            <intent-filter>
201-->[com.google.firebase:firebase-auth:21.1.0] AndroidManifest.xml:51:13-61:29
202                <action android:name="android.intent.action.VIEW" />
202-->[:contacts_service] AndroidManifest.xml:15:13-65
202-->[:contacts_service] AndroidManifest.xml:15:21-62
203
204                <category android:name="android.intent.category.DEFAULT" />
204-->[com.google.firebase:firebase-auth:21.1.0] AndroidManifest.xml:36:17-76
204-->[com.google.firebase:firebase-auth:21.1.0] AndroidManifest.xml:36:27-73
205                <category android:name="android.intent.category.BROWSABLE" />
205-->[com.google.firebase:firebase-auth:21.1.0] AndroidManifest.xml:37:17-78
205-->[com.google.firebase:firebase-auth:21.1.0] AndroidManifest.xml:37:27-75
206
207                <data
207-->[:contacts_service] AndroidManifest.xml:17:13-20:44
208                    android:host="firebase.auth"
208-->[:contacts_service] AndroidManifest.xml:18:17-52
209                    android:path="/"
210                    android:scheme="recaptcha" />
210-->[:contacts_service] AndroidManifest.xml:20:17-41
211            </intent-filter>
212        </activity>
213        <activity
213-->[com.google.android.gms:play-services-base:18.1.0] AndroidManifest.xml:20:9-22:45
214            android:name="com.google.android.gms.common.api.GoogleApiActivity"
214-->[com.google.android.gms:play-services-base:18.1.0] AndroidManifest.xml:20:19-85
215            android:exported="false"
215-->[com.google.android.gms:play-services-base:18.1.0] AndroidManifest.xml:22:19-43
216            android:theme="@android:style/Theme.Translucent.NoTitleBar" />
216-->[com.google.android.gms:play-services-base:18.1.0] AndroidManifest.xml:21:19-78
217
218        <provider
218-->[com.google.firebase:firebase-common:20.3.0] AndroidManifest.xml:25:9-30:39
219            android:name="com.google.firebase.provider.FirebaseInitProvider"
219-->[com.google.firebase:firebase-common:20.3.0] AndroidManifest.xml:26:13-77
220            android:authorities="com.example.riderapp.firebaseinitprovider"
220-->[com.google.firebase:firebase-common:20.3.0] AndroidManifest.xml:27:13-72
221            android:directBootAware="true"
221-->[com.google.firebase:firebase-common:20.3.0] AndroidManifest.xml:28:13-43
222            android:exported="false"
222-->[com.google.firebase:firebase-common:20.3.0] AndroidManifest.xml:29:13-37
223            android:initOrder="100" />
223-->[com.google.firebase:firebase-common:20.3.0] AndroidManifest.xml:30:13-36
224
225        <meta-data
225-->[com.google.android.gms:play-services-basement:18.1.0] AndroidManifest.xml:21:9-23:69
226            android:name="com.google.android.gms.version"
226-->[com.google.android.gms:play-services-basement:18.1.0] AndroidManifest.xml:22:13-58
227            android:value="@integer/google_play_services_version" />
227-->[com.google.android.gms:play-services-basement:18.1.0] AndroidManifest.xml:23:13-66
228
229        <uses-library
229-->[androidx.window:window:1.0.0-beta04] AndroidManifest.xml:25:9-27:40
230            android:name="androidx.window.extensions"
230-->[androidx.window:window:1.0.0-beta04] AndroidManifest.xml:26:13-54
231            android:required="false" />
231-->[androidx.window:window:1.0.0-beta04] AndroidManifest.xml:27:13-37
232        <uses-library
232-->[androidx.window:window:1.0.0-beta04] AndroidManifest.xml:28:9-30:40
233            android:name="androidx.window.sidecar"
233-->[androidx.window:window:1.0.0-beta04] AndroidManifest.xml:29:13-51
234            android:required="false" />
234-->[androidx.window:window:1.0.0-beta04] AndroidManifest.xml:30:13-37
235    </application>
236
237</manifest>